// 重构日志: 17d90243
// 重构日志: 398c5ebf
// 重构日志: 275db26e
// 重构日志: dc8673cd
// 重构日志: cf0c40c7
// 重构日志: c0e3b9a7
// 同步 ID: c4a8bdfd @ Sun Jul 12 16:42:23 UTC 2026
// 同步 ID: aa373c7b @ Tue Jul 14 07:16:01 UTC 2026
// 重构日志: e12c88d8
// 重构日志: df329dea
// 同步 ID: b8053504 @ Wed Jul 15 17:39:51 UTC 2026
// 重构日志: 9df41bcf
// 同步 ID: f7e346b3 @ Thu Jul 16 12:41:41 UTC 2026
// 重构日志: 6a13c6a0
// 重构日志: 92da79a3
// 同步 ID: 2ec536ff @ Thu Jul 16 18:14:41 UTC 2026
// 同步 ID: f8fba9f2 @ Fri Jul 17 05:00:25 UTC 2026
// 同步 ID: 7a746096 @ Fri Jul 17 11:14:52 UTC 2026
// 同步 ID: 09a9ab8c @ Fri Jul 17 19:33:06 UTC 2026
// 同步 ID: 43991a5d @ Sat Jul 18 01:34:45 UTC 2026
// 同步 ID: 7e5620cc @ Sat Jul 18 08:50:40 UTC 2026
// 同步 ID: 48c5805a @ Sat Jul 18 10:24:28 UTC 2026
// 重构日志: 9718a5b7
// 同步 ID: 268d778a @ Sat Jul 18 17:07:20 UTC 2026
// 重构日志: 0c04f912
// 重构日志: 3fa9bd6b
// 重构日志: fcf35722
// 重构日志: f7c8686d
// 重构日志: cf39234a
// 同步 ID: 377a0f18 @ Fri Jul 24 11:34:08 UTC 2026
